2024-10-07 14:58:18,624 [Worker-8: Loading available Gradle versions] INFO  o.e.b.c.i.u.g.PublishedGradleVersions - Gradle version information cache is out-of-date. Trying to update.
2024-10-07 14:59:08,367 [Worker-5: Importing Maven projects] INFO  o.e.m.c.i.l.LifecycleMappingFactory - Using org.eclipse.m2e.jdt.JarLifecycleMapping lifecycle mapping for MavenProject: com.example:eureka-server:0.0.1-SNAPSHOT @ C:\SAI TARUN\API Endpoints and Communication-1\Projects\Spring-Micro-Service-Rest-API-Travel-App\eureka-server\pom.xml.
2024-10-07 14:59:10,251 [Worker-5: Importing Maven projects] INFO  o.e.m.j.i.AbstractJavaProjectConfigurator - Adding source folder /eureka-server/src/main/java
2024-10-07 14:59:10,255 [Worker-5: Importing Maven projects] INFO  o.e.m.j.i.AbstractJavaProjectConfigurator - Adding resource folder /eureka-server/src/main/resources
2024-10-07 14:59:10,256 [Worker-5: Importing Maven projects] INFO  o.e.m.j.i.AbstractJavaProjectConfigurator - Adding resource folder /eureka-server/src/main/resources
2024-10-07 14:59:10,257 [Worker-5: Importing Maven projects] INFO  o.e.m.j.i.AbstractJavaProjectConfigurator - Adding source folder /eureka-server/src/test/java
2024-10-07 14:59:10,260 [Worker-5: Importing Maven projects] INFO  o.e.m.j.i.AbstractJavaProjectConfigurator - Adding resource folder /eureka-server/src/test/resources
2024-10-07 14:59:10,651 [Worker-5: Importing Maven projects] INFO  o.e.m.c.i.p.ProjectConfigurationManager - Imported and configured 1 project(s) in 4 sec
2024-10-07 14:59:12,165 [Worker-18: Building] INFO  o.a.m.s.f.DefaultMavenResourcesFiltering - Copying 1 resource from src\main\resources to target\classes
2024-10-07 14:59:12,191 [Worker-18: Building] INFO  o.a.m.s.f.DefaultMavenResourcesFiltering - Copying 0 resource from src\main\resources to target\classes
2024-10-07 14:59:12,198 [Worker-18: Building] INFO  o.a.m.s.f.DefaultMavenResourcesFiltering - skip non existing resourceDirectory C:\SAI TARUN\API Endpoints and Communication-1\Projects\Spring-Micro-Service-Rest-API-Travel-App\eureka-server\src\test\resources
2024-10-07 14:59:25,963 [Worker-19: Importing Maven projects] INFO  o.e.m.c.i.l.LifecycleMappingFactory - Using org.eclipse.m2e.jdt.JarLifecycleMapping lifecycle mapping for MavenProject: com.example:cab-booking-micro-service:0.0.1-SNAPSHOT @ C:\SAI TARUN\API Endpoints and Communication-1\Projects\Spring-Micro-Service-Rest-API-Travel-App\cab-booking-micro-service\pom.xml.
2024-10-07 14:59:26,684 [Worker-19: Importing Maven projects] INFO  o.e.m.j.i.AbstractJavaProjectConfigurator - Adding source folder /cab-booking-micro-service/src/main/java
2024-10-07 14:59:26,685 [Worker-19: Importing Maven projects] INFO  o.e.m.j.i.AbstractJavaProjectConfigurator - Adding resource folder /cab-booking-micro-service/src/main/resources
2024-10-07 14:59:26,685 [Worker-19: Importing Maven projects] INFO  o.e.m.j.i.AbstractJavaProjectConfigurator - Adding resource folder /cab-booking-micro-service/src/main/resources
2024-10-07 14:59:26,686 [Worker-19: Importing Maven projects] INFO  o.e.m.j.i.AbstractJavaProjectConfigurator - Adding source folder /cab-booking-micro-service/src/test/java
2024-10-07 14:59:26,686 [Worker-19: Importing Maven projects] INFO  o.e.m.j.i.AbstractJavaProjectConfigurator - Adding resource folder /cab-booking-micro-service/src/test/resources
2024-10-07 14:59:26,919 [Worker-19: Importing Maven projects] INFO  o.e.m.c.i.p.ProjectConfigurationManager - Imported and configured 1 project(s) in 1 sec
2024-10-07 14:59:27,693 [Worker-27: Building] INFO  o.a.m.s.f.DefaultMavenResourcesFiltering - Copying 1 resource from src\main\resources to target\classes
2024-10-07 14:59:27,712 [Worker-27: Building] INFO  o.a.m.s.f.DefaultMavenResourcesFiltering - Copying 0 resource from src\main\resources to target\classes
2024-10-07 14:59:27,717 [Worker-27: Building] INFO  o.a.m.s.f.DefaultMavenResourcesFiltering - skip non existing resourceDirectory C:\SAI TARUN\API Endpoints and Communication-1\Projects\Spring-Micro-Service-Rest-API-Travel-App\cab-booking-micro-service\src\test\resources
2024-10-07 14:59:39,354 [Worker-9: Importing Maven projects] INFO  o.e.m.c.i.l.LifecycleMappingFactory - Using org.eclipse.m2e.jdt.JarLifecycleMapping lifecycle mapping for MavenProject: com.example:booking-micro-service:0.0.1-SNAPSHOT @ C:\SAI TARUN\API Endpoints and Communication-1\Projects\Spring-Micro-Service-Rest-API-Travel-App\booking-micro-service\pom.xml.
2024-10-07 14:59:40,086 [Worker-9: Importing Maven projects] INFO  o.e.m.j.i.AbstractJavaProjectConfigurator - Adding source folder /booking-micro-service/src/main/java
2024-10-07 14:59:40,087 [Worker-9: Importing Maven projects] INFO  o.e.m.j.i.AbstractJavaProjectConfigurator - Adding resource folder /booking-micro-service/src/main/resources
2024-10-07 14:59:40,088 [Worker-9: Importing Maven projects] INFO  o.e.m.j.i.AbstractJavaProjectConfigurator - Adding resource folder /booking-micro-service/src/main/resources
2024-10-07 14:59:40,088 [Worker-9: Importing Maven projects] INFO  o.e.m.j.i.AbstractJavaProjectConfigurator - Adding source folder /booking-micro-service/src/test/java
2024-10-07 14:59:40,089 [Worker-9: Importing Maven projects] INFO  o.e.m.j.i.AbstractJavaProjectConfigurator - Adding resource folder /booking-micro-service/src/test/resources
2024-10-07 14:59:40,365 [Worker-9: Importing Maven projects] INFO  o.e.m.c.i.p.ProjectConfigurationManager - Imported and configured 1 project(s) in 1 sec
2024-10-07 14:59:40,716 [Worker-14: Building] INFO  o.a.m.s.f.DefaultMavenResourcesFiltering - Copying 1 resource from src\main\resources to target\classes
2024-10-07 14:59:40,735 [Worker-14: Building] INFO  o.a.m.s.f.DefaultMavenResourcesFiltering - Copying 0 resource from src\main\resources to target\classes
2024-10-07 14:59:40,740 [Worker-14: Building] INFO  o.a.m.s.f.DefaultMavenResourcesFiltering - skip non existing resourceDirectory C:\SAI TARUN\API Endpoints and Communication-1\Projects\Spring-Micro-Service-Rest-API-Travel-App\booking-micro-service\src\test\resources
2024-10-07 15:10:43,840 [Worker-4: Loading available Gradle versions] INFO  o.e.b.c.i.u.g.PublishedGradleVersions - Gradle version information cache is up-to-date. Trying to read.
2024-10-07 15:13:03,803 [Worker-27: Building] INFO  o.a.m.s.f.DefaultMavenResourcesFiltering - Copying 1 resource from src\main\resources to target\classes
2024-10-07 15:13:03,841 [Worker-27: Building] INFO  o.a.m.s.f.DefaultMavenResourcesFiltering - Copying 0 resource from src\main\resources to target\classes
2024-10-07 15:13:03,853 [Worker-27: Building] INFO  o.a.m.s.f.DefaultMavenResourcesFiltering - skip non existing resourceDirectory C:\SAI TARUN\API Endpoints and Communication-1\Projects\Spring-Micro-Service-Rest-API-Travel-App\booking-micro-service\src\test\resources
2024-10-07 15:27:52,483 [Worker-32: Building] INFO  o.a.m.s.f.DefaultMavenResourcesFiltering - Copying 1 resource from src\main\resources to target\classes
2024-10-07 15:27:52,506 [Worker-32: Building] INFO  o.a.m.s.f.DefaultMavenResourcesFiltering - Copying 0 resource from src\main\resources to target\classes
2024-10-07 15:27:52,510 [Worker-32: Building] INFO  o.a.m.s.f.DefaultMavenResourcesFiltering - skip non existing resourceDirectory C:\SAI TARUN\API Endpoints and Communication-1\Projects\Spring-Micro-Service-Rest-API-Travel-App\cab-booking-micro-service\src\test\resources
2024-10-07 15:29:47,830 [Worker-32: Building] INFO  o.a.m.s.f.DefaultMavenResourcesFiltering - Copying 1 resource from src\main\resources to target\classes
2024-10-07 15:29:47,835 [Worker-32: Building] INFO  o.a.m.s.f.DefaultMavenResourcesFiltering - Copying 0 resource from src\main\resources to target\classes
2024-10-07 15:29:47,838 [Worker-32: Building] INFO  o.a.m.s.f.DefaultMavenResourcesFiltering - skip non existing resourceDirectory C:\SAI TARUN\API Endpoints and Communication-1\Projects\Spring-Micro-Service-Rest-API-Travel-App\cab-booking-micro-service\src\test\resources
2024-10-07 15:30:13,981 [Worker-32: Building] INFO  o.a.m.s.f.DefaultMavenResourcesFiltering - Copying 1 resource from src\main\resources to target\classes
2024-10-07 15:30:13,984 [Worker-32: Building] INFO  o.a.m.s.f.DefaultMavenResourcesFiltering - Copying 0 resource from src\main\resources to target\classes
2024-10-07 15:30:13,987 [Worker-32: Building] INFO  o.a.m.s.f.DefaultMavenResourcesFiltering - skip non existing resourceDirectory C:\SAI TARUN\API Endpoints and Communication-1\Projects\Spring-Micro-Service-Rest-API-Travel-App\booking-micro-service\src\test\resources
2024-10-07 15:33:39,215 [Worker-33: Building] INFO  o.a.m.s.f.DefaultMavenResourcesFiltering - Copying 1 resource from src\main\resources to target\classes
2024-10-07 15:33:39,219 [Worker-33: Building] INFO  o.a.m.s.f.DefaultMavenResourcesFiltering - Copying 0 resource from src\main\resources to target\classes
2024-10-07 15:33:39,222 [Worker-33: Building] INFO  o.a.m.s.f.DefaultMavenResourcesFiltering - skip non existing resourceDirectory C:\SAI TARUN\API Endpoints and Communication-1\Projects\Spring-Micro-Service-Rest-API-Travel-App\cab-booking-micro-service\src\test\resources
2024-10-07 15:34:31,541 [Worker-32: Building] INFO  o.a.m.s.f.DefaultMavenResourcesFiltering - Copying 1 resource from src\main\resources to target\classes
2024-10-07 15:34:31,543 [Worker-32: Building] INFO  o.a.m.s.f.DefaultMavenResourcesFiltering - Copying 0 resource from src\main\resources to target\classes
2024-10-07 15:34:31,545 [Worker-32: Building] INFO  o.a.m.s.f.DefaultMavenResourcesFiltering - skip non existing resourceDirectory C:\SAI TARUN\API Endpoints and Communication-1\Projects\Spring-Micro-Service-Rest-API-Travel-App\cab-booking-micro-service\src\test\resources
2024-10-07 17:16:05,148 [Worker-35: Building] INFO  o.a.m.s.f.DefaultMavenResourcesFiltering - Copying 1 resource from src\main\resources to target\classes
2024-10-07 17:16:05,159 [Worker-35: Building] INFO  o.a.m.s.f.DefaultMavenResourcesFiltering - Copying 0 resource from src\main\resources to target\classes
2024-10-07 17:16:05,162 [Worker-35: Building] INFO  o.a.m.s.f.DefaultMavenResourcesFiltering - skip non existing resourceDirectory C:\SAI TARUN\API Endpoints and Communication-1\Projects\Spring-Micro-Service-Rest-API-Travel-App\cab-booking-micro-service\src\test\resources
2024-10-07 17:16:25,487 [Worker-37: Building] INFO  o.a.m.s.f.DefaultMavenResourcesFiltering - Copying 1 resource from src\main\resources to target\classes
2024-10-07 17:16:25,491 [Worker-37: Building] INFO  o.a.m.s.f.DefaultMavenResourcesFiltering - Copying 0 resource from src\main\resources to target\classes
2024-10-07 17:16:25,494 [Worker-37: Building] INFO  o.a.m.s.f.DefaultMavenResourcesFiltering - skip non existing resourceDirectory C:\SAI TARUN\API Endpoints and Communication-1\Projects\Spring-Micro-Service-Rest-API-Travel-App\cab-booking-micro-service\src\test\resources
2024-10-07 17:16:27,398 [Worker-24: Building] INFO  o.a.m.s.f.DefaultMavenResourcesFiltering - Copying 1 resource from src\main\resources to target\classes
2024-10-07 17:16:27,401 [Worker-24: Building] INFO  o.a.m.s.f.DefaultMavenResourcesFiltering - Copying 0 resource from src\main\resources to target\classes
2024-10-07 17:16:27,404 [Worker-24: Building] INFO  o.a.m.s.f.DefaultMavenResourcesFiltering - skip non existing resourceDirectory C:\SAI TARUN\API Endpoints and Communication-1\Projects\Spring-Micro-Service-Rest-API-Travel-App\cab-booking-micro-service\src\test\resources
2024-10-07 17:16:34,757 [Worker-37: Building] INFO  o.a.m.s.f.DefaultMavenResourcesFiltering - Copying 1 resource from src\main\resources to target\classes
2024-10-07 17:16:34,759 [Worker-37: Building] INFO  o.a.m.s.f.DefaultMavenResourcesFiltering - Copying 0 resource from src\main\resources to target\classes
2024-10-07 17:16:34,762 [Worker-37: Building] INFO  o.a.m.s.f.DefaultMavenResourcesFiltering - skip non existing resourceDirectory C:\SAI TARUN\API Endpoints and Communication-1\Projects\Spring-Micro-Service-Rest-API-Travel-App\cab-booking-micro-service\src\test\resources
2024-10-07 17:17:58,006 [Worker-36: Building] INFO  o.a.m.s.f.DefaultMavenResourcesFiltering - Copying 1 resource from src\main\resources to target\classes
2024-10-07 17:17:58,011 [Worker-36: Building] INFO  o.a.m.s.f.DefaultMavenResourcesFiltering - Copying 0 resource from src\main\resources to target\classes
2024-10-07 17:17:58,013 [Worker-36: Building] INFO  o.a.m.s.f.DefaultMavenResourcesFiltering - skip non existing resourceDirectory C:\SAI TARUN\API Endpoints and Communication-1\Projects\Spring-Micro-Service-Rest-API-Travel-App\cab-booking-micro-service\src\test\resources
2024-10-07 17:23:32,339 [Worker-39: Building] INFO  o.a.m.s.f.DefaultMavenResourcesFiltering - Copying 1 resource from src\main\resources to target\classes
2024-10-07 17:23:32,343 [Worker-39: Building] INFO  o.a.m.s.f.DefaultMavenResourcesFiltering - Copying 0 resource from src\main\resources to target\classes
2024-10-07 17:23:32,346 [Worker-39: Building] INFO  o.a.m.s.f.DefaultMavenResourcesFiltering - skip non existing resourceDirectory C:\SAI TARUN\API Endpoints and Communication-1\Projects\Spring-Micro-Service-Rest-API-Travel-App\cab-booking-micro-service\src\test\resources
2024-10-07 17:30:05,265 [Worker-45: Building] INFO  o.a.m.s.f.DefaultMavenResourcesFiltering - Copying 1 resource from src\main\resources to target\classes
2024-10-07 17:30:05,273 [Worker-45: Building] INFO  o.a.m.s.f.DefaultMavenResourcesFiltering - Copying 0 resource from src\main\resources to target\classes
2024-10-07 17:30:05,275 [Worker-45: Building] INFO  o.a.m.s.f.DefaultMavenResourcesFiltering - skip non existing resourceDirectory C:\SAI TARUN\API Endpoints and Communication-1\Projects\Spring-Micro-Service-Rest-API-Travel-App\cab-booking-micro-service\src\test\resources
2024-10-07 17:30:32,978 [Worker-46: Building] INFO  o.a.m.s.f.DefaultMavenResourcesFiltering - Copying 1 resource from src\main\resources to target\classes
2024-10-07 17:30:33,008 [Worker-46: Building] INFO  o.a.m.s.f.DefaultMavenResourcesFiltering - Copying 0 resource from src\main\resources to target\classes
2024-10-07 17:30:33,015 [Worker-46: Building] INFO  o.a.m.s.f.DefaultMavenResourcesFiltering - skip non existing resourceDirectory C:\SAI TARUN\API Endpoints and Communication-1\Projects\Spring-Micro-Service-Rest-API-Travel-App\booking-micro-service\src\test\resources
2024-10-07 17:49:48,355 [Worker-51: Building] INFO  o.a.m.s.f.DefaultMavenResourcesFiltering - Copying 1 resource from src\main\resources to target\classes
2024-10-07 17:49:48,359 [Worker-51: Building] INFO  o.a.m.s.f.DefaultMavenResourcesFiltering - Copying 0 resource from src\main\resources to target\classes
2024-10-07 17:49:48,361 [Worker-51: Building] INFO  o.a.m.s.f.DefaultMavenResourcesFiltering - skip non existing resourceDirectory C:\SAI TARUN\API Endpoints and Communication-1\Projects\Spring-Micro-Service-Rest-API-Travel-App\cab-booking-micro-service\src\test\resources
2024-10-07 17:50:01,726 [Worker-50: Building] INFO  o.a.m.s.f.DefaultMavenResourcesFiltering - Copying 1 resource from src\main\resources to target\classes
2024-10-07 17:50:01,729 [Worker-50: Building] INFO  o.a.m.s.f.DefaultMavenResourcesFiltering - Copying 0 resource from src\main\resources to target\classes
2024-10-07 17:50:01,730 [Worker-50: Building] INFO  o.a.m.s.f.DefaultMavenResourcesFiltering - skip non existing resourceDirectory C:\SAI TARUN\API Endpoints and Communication-1\Projects\Spring-Micro-Service-Rest-API-Travel-App\cab-booking-micro-service\src\test\resources
2024-10-07 18:25:18,267 [Worker-58: Building] INFO  o.a.m.s.f.DefaultMavenResourcesFiltering - Copying 1 resource from src\main\resources to target\classes
2024-10-07 18:25:18,270 [Worker-58: Building] INFO  o.a.m.s.f.DefaultMavenResourcesFiltering - Copying 0 resource from src\main\resources to target\classes
2024-10-07 18:25:18,272 [Worker-58: Building] INFO  o.a.m.s.f.DefaultMavenResourcesFiltering - skip non existing resourceDirectory C:\SAI TARUN\API Endpoints and Communication-1\Projects\Spring-Micro-Service-Rest-API-Travel-App\cab-booking-micro-service\src\test\resources
2024-10-07 18:25:29,754 [Worker-56: Building] INFO  o.a.m.s.f.DefaultMavenResourcesFiltering - Copying 1 resource from src\main\resources to target\classes
2024-10-07 18:25:29,759 [Worker-56: Building] INFO  o.a.m.s.f.DefaultMavenResourcesFiltering - Copying 0 resource from src\main\resources to target\classes
2024-10-07 18:25:29,762 [Worker-56: Building] INFO  o.a.m.s.f.DefaultMavenResourcesFiltering - skip non existing resourceDirectory C:\SAI TARUN\API Endpoints and Communication-1\Projects\Spring-Micro-Service-Rest-API-Travel-App\cab-booking-micro-service\src\test\resources
2024-10-07 18:26:10,931 [Worker-57: Building] INFO  o.a.m.s.f.DefaultMavenResourcesFiltering - Copying 1 resource from src\main\resources to target\classes
2024-10-07 18:26:10,934 [Worker-57: Building] INFO  o.a.m.s.f.DefaultMavenResourcesFiltering - Copying 0 resource from src\main\resources to target\classes
2024-10-07 18:26:10,936 [Worker-57: Building] INFO  o.a.m.s.f.DefaultMavenResourcesFiltering - skip non existing resourceDirectory C:\SAI TARUN\API Endpoints and Communication-1\Projects\Spring-Micro-Service-Rest-API-Travel-App\booking-micro-service\src\test\resources
2024-10-07 18:26:16,707 [Worker-56: Building] INFO  o.a.m.s.f.DefaultMavenResourcesFiltering - Copying 1 resource from src\main\resources to target\classes
2024-10-07 18:26:16,710 [Worker-56: Building] INFO  o.a.m.s.f.DefaultMavenResourcesFiltering - Copying 0 resource from src\main\resources to target\classes
2024-10-07 18:26:16,712 [Worker-56: Building] INFO  o.a.m.s.f.DefaultMavenResourcesFiltering - skip non existing resourceDirectory C:\SAI TARUN\API Endpoints and Communication-1\Projects\Spring-Micro-Service-Rest-API-Travel-App\booking-micro-service\src\test\resources
2024-10-07 18:28:59,073 [Worker-59: Building] INFO  o.a.m.s.f.DefaultMavenResourcesFiltering - Copying 1 resource from src\main\resources to target\classes
2024-10-07 18:28:59,076 [Worker-59: Building] INFO  o.a.m.s.f.DefaultMavenResourcesFiltering - Copying 0 resource from src\main\resources to target\classes
2024-10-07 18:28:59,079 [Worker-59: Building] INFO  o.a.m.s.f.DefaultMavenResourcesFiltering - skip non existing resourceDirectory C:\SAI TARUN\API Endpoints and Communication-1\Projects\Spring-Micro-Service-Rest-API-Travel-App\booking-micro-service\src\test\resources
2024-10-07 18:29:18,147 [Worker-59: Building] INFO  o.a.m.s.f.DefaultMavenResourcesFiltering - Copying 1 resource from src\main\resources to target\classes
2024-10-07 18:29:18,151 [Worker-59: Building] INFO  o.a.m.s.f.DefaultMavenResourcesFiltering - Copying 0 resource from src\main\resources to target\classes
2024-10-07 18:29:18,156 [Worker-59: Building] INFO  o.a.m.s.f.DefaultMavenResourcesFiltering - skip non existing resourceDirectory C:\SAI TARUN\API Endpoints and Communication-1\Projects\Spring-Micro-Service-Rest-API-Travel-App\booking-micro-service\src\test\resources
2024-10-07 18:30:16,470 [Worker-58: Building] INFO  o.a.m.s.f.DefaultMavenResourcesFiltering - Copying 1 resource from src\main\resources to target\classes
2024-10-07 18:30:16,474 [Worker-58: Building] INFO  o.a.m.s.f.DefaultMavenResourcesFiltering - Copying 0 resource from src\main\resources to target\classes
2024-10-07 18:30:16,477 [Worker-58: Building] INFO  o.a.m.s.f.DefaultMavenResourcesFiltering - skip non existing resourceDirectory C:\SAI TARUN\API Endpoints and Communication-1\Projects\Spring-Micro-Service-Rest-API-Travel-App\booking-micro-service\src\test\resources
2024-10-07 18:34:09,802 [Worker-56: Building] INFO  o.a.m.s.f.DefaultMavenResourcesFiltering - Copying 1 resource from src\main\resources to target\classes
2024-10-07 18:34:09,806 [Worker-56: Building] INFO  o.a.m.s.f.DefaultMavenResourcesFiltering - Copying 0 resource from src\main\resources to target\classes
2024-10-07 18:34:09,808 [Worker-56: Building] INFO  o.a.m.s.f.DefaultMavenResourcesFiltering - skip non existing resourceDirectory C:\SAI TARUN\API Endpoints and Communication-1\Projects\Spring-Micro-Service-Rest-API-Travel-App\booking-micro-service\src\test\resources
2024-10-07 18:35:53,220 [Worker-58: Building] INFO  o.a.m.s.f.DefaultMavenResourcesFiltering - Copying 1 resource from src\main\resources to target\classes
2024-10-07 18:35:53,223 [Worker-58: Building] INFO  o.a.m.s.f.DefaultMavenResourcesFiltering - Copying 0 resource from src\main\resources to target\classes
2024-10-07 18:35:53,225 [Worker-58: Building] INFO  o.a.m.s.f.DefaultMavenResourcesFiltering - skip non existing resourceDirectory C:\SAI TARUN\API Endpoints and Communication-1\Projects\Spring-Micro-Service-Rest-API-Travel-App\booking-micro-service\src\test\resources
2024-10-07 18:37:12,344 [Worker-61: Building] INFO  o.a.m.s.f.DefaultMavenResourcesFiltering - Copying 1 resource from src\main\resources to target\classes
2024-10-07 18:37:12,347 [Worker-61: Building] INFO  o.a.m.s.f.DefaultMavenResourcesFiltering - Copying 0 resource from src\main\resources to target\classes
2024-10-07 18:37:12,349 [Worker-61: Building] INFO  o.a.m.s.f.DefaultMavenResourcesFiltering - skip non existing resourceDirectory C:\SAI TARUN\API Endpoints and Communication-1\Projects\Spring-Micro-Service-Rest-API-Travel-App\booking-micro-service\src\test\resources
2024-10-07 18:37:36,991 [Worker-56: Building] INFO  o.a.m.s.f.DefaultMavenResourcesFiltering - Copying 1 resource from src\main\resources to target\classes
2024-10-07 18:37:36,994 [Worker-56: Building] INFO  o.a.m.s.f.DefaultMavenResourcesFiltering - Copying 0 resource from src\main\resources to target\classes
2024-10-07 18:37:36,995 [Worker-56: Building] INFO  o.a.m.s.f.DefaultMavenResourcesFiltering - skip non existing resourceDirectory C:\SAI TARUN\API Endpoints and Communication-1\Projects\Spring-Micro-Service-Rest-API-Travel-App\booking-micro-service\src\test\resources
2024-10-07 18:40:17,736 [Worker-65: Building] INFO  o.a.m.s.f.DefaultMavenResourcesFiltering - Copying 1 resource from src\main\resources to target\classes
2024-10-07 18:40:17,738 [Worker-65: Building] INFO  o.a.m.s.f.DefaultMavenResourcesFiltering - Copying 0 resource from src\main\resources to target\classes
2024-10-07 18:40:17,741 [Worker-65: Building] INFO  o.a.m.s.f.DefaultMavenResourcesFiltering - skip non existing resourceDirectory C:\SAI TARUN\API Endpoints and Communication-1\Projects\Spring-Micro-Service-Rest-API-Travel-App\booking-micro-service\src\test\resources
2024-10-07 18:41:18,069 [Worker-65: Building] INFO  o.a.m.s.f.DefaultMavenResourcesFiltering - Copying 1 resource from src\main\resources to target\classes
2024-10-07 18:41:18,073 [Worker-65: Building] INFO  o.a.m.s.f.DefaultMavenResourcesFiltering - Copying 0 resource from src\main\resources to target\classes
2024-10-07 18:41:18,076 [Worker-65: Building] INFO  o.a.m.s.f.DefaultMavenResourcesFiltering - skip non existing resourceDirectory C:\SAI TARUN\API Endpoints and Communication-1\Projects\Spring-Micro-Service-Rest-API-Travel-App\booking-micro-service\src\test\resources
2024-10-07 18:45:08,295 [Worker-64: Building] INFO  o.a.m.s.f.DefaultMavenResourcesFiltering - Copying 1 resource from src\main\resources to target\classes
2024-10-07 18:45:08,298 [Worker-64: Building] INFO  o.a.m.s.f.DefaultMavenResourcesFiltering - Copying 0 resource from src\main\resources to target\classes
2024-10-07 18:45:08,300 [Worker-64: Building] INFO  o.a.m.s.f.DefaultMavenResourcesFiltering - skip non existing resourceDirectory C:\SAI TARUN\API Endpoints and Communication-1\Projects\Spring-Micro-Service-Rest-API-Travel-App\booking-micro-service\src\test\resources
2024-10-07 19:13:51,307 [Worker-71: Building] INFO  o.a.m.s.f.DefaultMavenResourcesFiltering - Copying 1 resource from src\main\resources to target\classes
2024-10-07 19:13:51,312 [Worker-71: Building] INFO  o.a.m.s.f.DefaultMavenResourcesFiltering - Copying 0 resource from src\main\resources to target\classes
2024-10-07 19:13:51,313 [Worker-71: Building] INFO  o.a.m.s.f.DefaultMavenResourcesFiltering - skip non existing resourceDirectory C:\SAI TARUN\API Endpoints and Communication-1\Projects\Spring-Micro-Service-Rest-API-Travel-App\booking-micro-service\src\test\resources
2024-10-07 19:17:28,355 [Worker-72: Building] INFO  o.a.m.s.f.DefaultMavenResourcesFiltering - Copying 1 resource from src\main\resources to target\classes
2024-10-07 19:17:28,359 [Worker-72: Building] INFO  o.a.m.s.f.DefaultMavenResourcesFiltering - Copying 0 resource from src\main\resources to target\classes
2024-10-07 19:17:28,361 [Worker-72: Building] INFO  o.a.m.s.f.DefaultMavenResourcesFiltering - skip non existing resourceDirectory C:\SAI TARUN\API Endpoints and Communication-1\Projects\Spring-Micro-Service-Rest-API-Travel-App\booking-micro-service\src\test\resources
2024-10-07 19:23:18,220 [Worker-70: Building] INFO  o.a.m.s.f.DefaultMavenResourcesFiltering - Copying 1 resource from src\main\resources to target\classes
2024-10-07 19:23:18,223 [Worker-70: Building] INFO  o.a.m.s.f.DefaultMavenResourcesFiltering - Copying 0 resource from src\main\resources to target\classes
2024-10-07 19:23:18,225 [Worker-70: Building] INFO  o.a.m.s.f.DefaultMavenResourcesFiltering - skip non existing resourceDirectory C:\SAI TARUN\API Endpoints and Communication-1\Projects\Spring-Micro-Service-Rest-API-Travel-App\booking-micro-service\src\test\resources
2024-10-07 19:26:30,421 [Worker-78: Building] INFO  o.a.m.s.f.DefaultMavenResourcesFiltering - Copying 1 resource from src\main\resources to target\classes
2024-10-07 19:26:30,424 [Worker-78: Building] INFO  o.a.m.s.f.DefaultMavenResourcesFiltering - Copying 0 resource from src\main\resources to target\classes
2024-10-07 19:26:30,427 [Worker-78: Building] INFO  o.a.m.s.f.DefaultMavenResourcesFiltering - skip non existing resourceDirectory C:\SAI TARUN\API Endpoints and Communication-1\Projects\Spring-Micro-Service-Rest-API-Travel-App\booking-micro-service\src\test\resources
2024-10-07 19:27:27,568 [Worker-78: Building] INFO  o.a.m.s.f.DefaultMavenResourcesFiltering - Copying 1 resource from src\main\resources to target\classes
2024-10-07 19:27:27,572 [Worker-78: Building] INFO  o.a.m.s.f.DefaultMavenResourcesFiltering - Copying 0 resource from src\main\resources to target\classes
2024-10-07 19:27:27,574 [Worker-78: Building] INFO  o.a.m.s.f.DefaultMavenResourcesFiltering - skip non existing resourceDirectory C:\SAI TARUN\API Endpoints and Communication-1\Projects\Spring-Micro-Service-Rest-API-Travel-App\booking-micro-service\src\test\resources
